<?xml version="1.0" encoding="utf-8"?><testsuites name="pytest tests"><testsuite name="pytest" errors="0" failures="0" skipped="0" tests="40" time="3.473" timestamp="2026-07-29T02:11:45.917038+00:00" hostname="agent-env-6ff9cbe5-dff6-4467-864f-f7224d8e56ba"><testcase classname="tests.test_enquiries" name="test_health_email_configured" time="0.198" /><testcase classname="tests.test_route_parity" name="test_route_returns_200[/]" time="0.205" /><testcase classname="tests.test_enquiries" name="test_create_enquiry_valid_delivers_email" time="0.429" /><testcase classname="tests.test_route_parity" name="test_route_returns_200[/about-us]" time="0.100" /><testcase classname="tests.test_route_parity" name="test_route_returns_200[/services]" time="0.101" /><testcase classname="tests.test_route_parity" name="test_route_returns_200[/new-home-builds]" time="0.120" /><testcase classname="tests.test_route_parity" name="test_route_returns_200[/home-renovations]" time="0.106" /><testcase classname="tests.test_enquiries" name="test_honeypot_silently_rejected" time="0.196" /><testcase classname="tests.test_route_parity" name="test_route_returns_200[/bathroom-renovations]" time="0.115" /><testcase classname="tests.test_route_parity" name="test_route_returns_200[/kitchen-renovations]" time="0.110" /><testcase classname="tests.test_enquiries" name="test_too_fast_submission_silently_rejected" time="0.195" /><testcase classname="tests.test_route_parity" name="test_route_returns_200[/contact-us]" time="0.110" /><testcase classname="tests.test_route_parity" name="test_route_returns_200[/our-projects]" time="0.119" /><testcase classname="tests.test_enquiries" name="test_invalid_email_returns_422" time="0.110" /><testcase classname="tests.test_route_parity" name="test_route_returns_200[/our-projects/drouin-new-build]" time="0.103" /><testcase classname="tests.test_enquiries" name="test_missing_required_field_returns_422" time="0.099" /><testcase classname="tests.test_route_parity" name="test_route_returns_200[/our-projects/bentleigh-east-renovation]" time="0.109" /><testcase classname="tests.test_enquiries" name="test_email_html_has_no_third_party_branding" time="0.001" /><testcase classname="tests.test_enquiries" name="test_subject_line_format" time="0.000" /><testcase classname="tests.test_api" name="test_health" time="0.102" /><testcase classname="tests.test_route_parity" name="test_route_returns_200[/our-projects/berwick-new-build]" time="0.103" /><testcase classname="tests.test_api" name="test_create_enquiry_valid" time="0.221" /><testcase classname="tests.test_route_parity" name="test_route_returns_200[/our-projects/endevour-hills-renovation]" time="0.108" /><testcase classname="tests.test_route_parity" name="test_route_returns_200[/our-projects/altona-meadows-renovation]" time="0.138" /><testcase classname="tests.test_api" name="test_create_enquiry_invalid_email" time="0.046" /><testcase classname="tests.test_api" name="test_create_enquiry_empty_name" time="0.046" /><testcase classname="tests.test_api" name="test_list_enquiries" time="0.067" /><testcase classname="tests.test_route_parity" name="test_route_returns_200[/our-projects/clyde-new-build]" time="0.098" /><testcase classname="tests.test_route_parity" name="test_route_returns_200[/kitchen-renovation-landing]" time="0.103" /><testcase classname="tests.test_route_parity" name="test_route_returns_200[/renovation-quote]" time="0.109" /><testcase classname="tests.test_route_parity" name="test_route_returns_200[/consult]" time="0.102" /><testcase classname="tests.test_route_parity" name="test_route_returns_200[/burnt-by-builders]" time="0.101" /><testcase classname="tests.test_route_parity" name="test_route_returns_200[/thank-you]" time="0.102" /><testcase classname="tests.test_route_parity" name="test_route_returns_200[/thanks]" time="0.105" /><testcase classname="tests.test_route_parity" name="test_route_returns_200[/suburbs/brighton]" time="0.098" /><testcase classname="tests.test_route_parity" name="test_route_returns_200[/resources]" time="0.097" /><testcase classname="tests.test_route_parity" name="test_route_returns_200[/resources/kitchen-renovation-cost-melbourne]" time="0.101" /><testcase classname="tests.test_route_parity" name="test_sitemap_ok_and_contains_expected" time="0.109" /><testcase classname="tests.test_route_parity" name="test_robots_ok_and_references_sitemap" time="0.102" /><testcase classname="tests.test_route_parity" name="test_ga4_script_absent_when_env_unset" time="0.103" /></testsuite></testsuites>