<?xml version="1.0" encoding="utf-8"?><testsuites name="pytest tests"><testsuite name="pytest" errors="0" failures="0" skipped="0" tests="8" time="2.000" timestamp="2026-07-29T02:11:04.229621+00:00" hostname="agent-env-6ff9cbe5-dff6-4467-864f-f7224d8e56ba"><testcase classname="tests.test_enquiries" name="test_health_email_configured" time="0.136" /><testcase classname="tests.test_enquiries" name="test_create_enquiry_valid_delivers_email" time="0.695" /><testcase classname="tests.test_enquiries" name="test_honeypot_silently_rejected" time="0.221" /><testcase classname="tests.test_enquiries" name="test_too_fast_submission_silently_rejected" time="0.196" /><testcase classname="tests.test_enquiries" name="test_invalid_email_returns_422" time="0.105" /><testcase classname="tests.test_enquiries" name="test_missing_required_field_returns_422" time="0.139" /><testcase classname="tests.test_enquiries" name="test_email_html_has_no_third_party_branding" time="0.001" /><testcase classname="tests.test_enquiries" name="test_subject_line_format" time="0.000" /></testsuite></testsuites>