<?xml version="1.0" encoding="utf-8"?><testsuites name="pytest tests"><testsuite name="pytest" errors="0" failures="0" skipped="0" tests="7" time="2.305" timestamp="2026-07-29T03:28:08.508339+00:00" hostname="agent-env-6ff9cbe5-dff6-4467-864f-f7224d8e56ba"><testcase classname="tests.test_security_iter22.TestRateLimitPerXFF" name="test_five_pass_then_429_for_single_ip" time="1.346" /><testcase classname="tests.test_security_iter22.TestRegression" name="test_normal_post_still_201_and_shape" time="0.272" /><testcase classname="tests.test_security_iter22.TestRegression" name="test_get_enquiries_still_405" time="0.110" /><testcase classname="tests.test_security_iter22.TestRegression" name="test_health_200_with_security_headers" time="0.135" /><testcase classname="tests.test_security_iter22.TestRegression" name="test_sitemap_contains_legal_urls" time="0.102" /><testcase classname="tests.test_security_iter22.TestRateLimitPerXFF" name="test_quota_is_isolated_per_ip" time="0.533" /><testcase classname="tests.test_security_iter22.TestBodySizeCap" name="test_oversized_body_rejected_with_413" time="0.120" /></testsuite></testsuites>