<?xml version="1.0" encoding="utf-8"?><testsuites name="pytest tests"><testsuite name="pytest" errors="0" failures="1" skipped="0" tests="13" time="69.404" timestamp="2026-07-28T11:27:31.127881+00:00" hostname="agent-env-6ff9cbe5-dff6-4467-864f-f7224d8e56ba"><testcase classname="tests.test_api" name="test_health" time="30.049"><failure message="requests.exceptions.ConnectTimeout: HTTPSConnectionPool(host='premium-apollo.preview.emergentagent.com', port=443): Max retries exceeded with url: /api/health (Caused by ConnectTimeoutError(&lt;HTTPSConnection(host='premium-apollo.preview.emergentagent.com', port=443) at 0xfb7c00a5cf50&gt;, 'Connection to premium-apollo.preview.emergentagent.com timed out. (connect timeout=15)'))">/root/.venv/lib/python3.11/site-packages/urllib3/connection.py:204: in _new_conn
    sock = connection.create_connection(
/root/.venv/lib/python3.11/site-packages/urllib3/util/connection.py:85: in create_connection
    raise err
/root/.venv/lib/python3.11/site-packages/urllib3/util/connection.py:73: in create_connection
    sock.connect(sa)
E   TimeoutError: timed out

The above exception was the direct cause of the following exception:
/root/.venv/lib/python3.11/site-packages/urllib3/connectionpool.py:788: in urlopen
    response = self._make_request(
/root/.venv/lib/python3.11/site-packages/urllib3/connectionpool.py:488: in _make_request
    raise new_e
/root/.venv/lib/python3.11/site-packages/urllib3/connectionpool.py:464: in _make_request
    self._validate_conn(conn)
/root/.venv/lib/python3.11/site-packages/urllib3/connectionpool.py:1106: in _validate_conn
    conn.connect()
/root/.venv/lib/python3.11/site-packages/urllib3/connection.py:759: in connect
    self.sock = sock = self._new_conn()
                       ^^^^^^^^^^^^^^^^
/root/.venv/lib/python3.11/site-packages/urllib3/connection.py:213: in _new_conn
    raise ConnectTimeoutError(
E   urllib3.exceptions.ConnectTimeoutError: (&lt;HTTPSConnection(host='premium-apollo.preview.emergentagent.com', port=443) at 0xfb7c00a5cf50&gt;, 'Connection to premium-apollo.preview.emergentagent.com timed out. (connect timeout=15)')

The above exception was the direct cause of the following exception:
/root/.venv/lib/python3.11/site-packages/requests/adapters.py:696: in send
    resp = conn.urlopen(
/root/.venv/lib/python3.11/site-packages/urllib3/connectionpool.py:842: in urlopen
    retries = retries.increment(
/root/.venv/lib/python3.11/site-packages/urllib3/util/retry.py:543: in increment
    raise MaxRetryError(_pool, url, reason) from reason  # type: ignore[arg-type]
    ^^^^^^^^^^^^^^^^^^^^^^^^^^^^^^^^^^^^^^^^^^^^^^^^^^^
E   urllib3.exceptions.MaxRetryError: HTTPSConnectionPool(host='premium-apollo.preview.emergentagent.com', port=443): Max retries exceeded with url: /api/health (Caused by ConnectTimeoutError(&lt;HTTPSConnection(host='premium-apollo.preview.emergentagent.com', port=443) at 0xfb7c00a5cf50&gt;, 'Connection to premium-apollo.preview.emergentagent.com timed out. (connect timeout=15)'))

During handling of the above exception, another exception occurred:
backend/tests/test_api.py:18: in test_health
    r = api.get(f"{BASE_URL}/api/health", timeout=15)
        ^^^^^^^^^^^^^^^^^^^^^^^^^^^^^^^^^^^^^^^^^^^^^
/root/.venv/lib/python3.11/site-packages/requests/sessions.py:671: in get
    return self.request("GET", url, params=params, **kwargs)
           ^^^^^^^^^^^^^^^^^^^^^^^^^^^^^^^^^^^^^^^^^^^^^^^^^
/root/.venv/lib/python3.11/site-packages/requests/sessions.py:651: in request
    resp = self.send(prep, **send_kwargs)
           ^^^^^^^^^^^^^^^^^^^^^^^^^^^^^^
/root/.venv/lib/python3.11/site-packages/requests/sessions.py:784: in send
    r = adapter.send(request, **kwargs)
        ^^^^^^^^^^^^^^^^^^^^^^^^^^^^^^^
/root/.venv/lib/python3.11/site-packages/requests/adapters.py:717: in send
    raise ConnectTimeout(e, request=request)
E   requests.exceptions.ConnectTimeout: HTTPSConnectionPool(host='premium-apollo.preview.emergentagent.com', port=443): Max retries exceeded with url: /api/health (Caused by ConnectTimeoutError(&lt;HTTPSConnection(host='premium-apollo.preview.emergentagent.com', port=443) at 0xfb7c00a5cf50&gt;, 'Connection to premium-apollo.preview.emergentagent.com timed out. (connect timeout=15)'))</failure></testcase><testcase classname="tests.test_enquiries" name="test_health_email_pending" time="68.127" /><testcase classname="tests.test_api" name="test_create_enquiry_valid" time="0.203" /><testcase classname="tests.test_api" name="test_create_enquiry_invalid_email" time="0.049" /><testcase classname="tests.test_api" name="test_create_enquiry_empty_name" time="0.046" /><testcase classname="tests.test_api" name="test_list_enquiries" time="0.048" /><testcase classname="tests.test_enquiries" name="test_create_enquiry_valid_persists" time="0.250" /><testcase classname="tests.test_enquiries" name="test_honeypot_silently_rejected" time="0.194" /><testcase classname="tests.test_enquiries" name="test_too_fast_submission_silently_rejected" time="0.196" /><testcase classname="tests.test_enquiries" name="test_invalid_email_returns_422" time="0.102" /><testcase classname="tests.test_enquiries" name="test_email_html_has_no_third_party_branding" time="0.001" /><testcase classname="tests.test_enquiries" name="test_from_field_format" time="0.000" /><testcase classname="tests.test_enquiries" name="test_subject_line_format" time="0.000" /></testsuite></testsuites>