<?xml version="1.0" encoding="utf-8"?><testsuites name="pytest tests"><testsuite name="pytest" errors="0" failures="0" skipped="0" tests="13" time="1.519" timestamp="2026-07-29T00:01:04.372403+00:00" hostname="agent-env-6ff9cbe5-dff6-4467-864f-f7224d8e56ba"><testcase classname="tests.test_enquiries" name="test_health_email_pending" time="0.187" /><testcase classname="tests.test_api" name="test_health" time="0.233" /><testcase classname="tests.test_enquiries" name="test_create_enquiry_valid_persists" time="0.243" /><testcase classname="tests.test_api" name="test_create_enquiry_valid" time="0.086" /><testcase classname="tests.test_api" name="test_create_enquiry_invalid_email" time="0.131" /><testcase classname="tests.test_enquiries" name="test_honeypot_silently_rejected" time="0.247" /><testcase classname="tests.test_api" name="test_create_enquiry_empty_name" time="0.061" /><testcase classname="tests.test_api" name="test_list_enquiries" time="0.060" /><testcase classname="tests.test_enquiries" name="test_too_fast_submission_silently_rejected" time="0.235" /><testcase classname="tests.test_enquiries" name="test_invalid_email_returns_422" time="0.101" /><testcase classname="tests.test_enquiries" name="test_email_html_has_no_third_party_branding" time="0.000" /><testcase classname="tests.test_enquiries" name="test_from_field_format" time="0.000" /><testcase classname="tests.test_enquiries" name="test_subject_line_format" time="0.000" /></testsuite></testsuites>