<?xml version="1.0" encoding="utf-8"?><testsuites name="pytest tests"><testsuite name="pytest" errors="0" failures="0" skipped="0" tests="8" time="1.473" timestamp="2026-07-29T01:17:12.816734+00:00" hostname="agent-env-6ff9cbe5-dff6-4467-864f-f7224d8e56ba"><testcase classname="tests.test_enquiries" name="test_health_email_pending" time="0.246" /><testcase classname="tests.test_enquiries" name="test_create_enquiry_valid_persists" time="0.244" /><testcase classname="tests.test_enquiries" name="test_honeypot_silently_rejected" time="0.202" /><testcase classname="tests.test_enquiries" name="test_too_fast_submission_silently_rejected" time="0.201" /><testcase classname="tests.test_enquiries" name="test_invalid_email_returns_422" time="0.106" /><testcase classname="tests.test_enquiries" name="test_email_html_has_no_third_party_branding" time="0.000" /><testcase classname="tests.test_enquiries" name="test_from_field_format" time="0.000" /><testcase classname="tests.test_enquiries" name="test_subject_line_format" time="0.000" /></testsuite></testsuites>