<?xml version="1.0" encoding="utf-8"?><testsuites name="pytest tests"><testsuite name="pytest" errors="0" failures="0" skipped="0" tests="5" time="0.820" timestamp="2026-07-26T10:08:48.632678+00:00" hostname="agent-env-6ff9cbe5-dff6-4467-864f-f7224d8e56ba"><testcase classname="tests.test_api" name="test_health" time="0.116" /><testcase classname="tests.test_api" name="test_create_enquiry_valid" time="0.082" /><testcase classname="tests.test_api" name="test_create_enquiry_invalid_email" time="0.042" /><testcase classname="tests.test_api" name="test_create_enquiry_empty_name" time="0.040" /><testcase classname="tests.test_api" name="test_list_enquiries" time="0.040" /></testsuite></testsuites>